<?xml version="1.0" encoding="UTF-8"?>
<testsuite xmlns:xsi="http://www.w3.org/2001/XMLSchema-instance" xsi:noNamespaceSchemaLocation="https://maven.apache.org/surefire/maven-surefire-plugin/xsd/surefire-test-report-3.0.xsd" version="3.0" name="businessLogic.AirportManagerTest" time="2.662" tests="5" errors="0" skipped="0" failures="0">
  <properties>
[...]
</properties>
  <testcase name="testInteractions" classname="businessLogic.AirportManagerTest" time="2.448"/>
  <testcase name="testAdd" classname="businessLogic.AirportManagerTest" time="0.006"/>
  <testcase name="testAddMultipleAirports" classname="businessLogic.AirportManagerTest" time="0.059"/>
  <testcase name="testGetAllAirportsEmptyList" classname="businessLogic.AirportManagerTest" time="0.028"/>
  <testcase name="testGetAllAirports" classname="businessLogic.AirportManagerTest" time="0.007"/>
</testsuite>